This is pdfTeX, Version 3.14159265-2.6-1.40.18 (TeX Live 2017) (preloaded format=pdflatex 2017.5.23)  3 AUG 2018 02:05
entering extended mode
 restricted \write18 enabled.
 file:line:error style messages enabled.
 %&-line parsing enabled.
**"DVH Analytics Manual.tex"
(./DVH Analytics Manual.tex
LaTeX2e <2017-04-15>
Babel <3.10> and hyphenation patterns for 84 language(s) loaded.
(/usr/local/texlive/2017/texmf-dist/tex/latex/base/report.cls
Document Class: report 2014/09/29 v1.4h Standard LaTeX document class
(/usr/local/texlive/2017/texmf-dist/tex/latex/base/size10.clo
File: size10.clo 2014/09/29 v1.4h Standard LaTeX file (size option)
)
\c@part=\count79
\c@chapter=\count80
\c@section=\count81
\c@subsection=\count82
\c@subsubsection=\count83
\c@paragraph=\count84
\c@subparagraph=\count85
\c@figure=\count86
\c@table=\count87
\abovecaptionskip=\skip41
\belowcaptionskip=\skip42
\bibindent=\dimen102
)
(/usr/local/texlive/2017/texmf-dist/tex/latex/graphics/graphicx.sty
Package: graphicx 2014/10/28 v1.0g Enhanced LaTeX Graphics (DPC,SPQR)

(/usr/local/texlive/2017/texmf-dist/tex/latex/graphics/keyval.sty
Package: keyval 2014/10/28 v1.15 key=value parser (DPC)
\KV@toks@=\toks14
)
(/usr/local/texlive/2017/texmf-dist/tex/latex/graphics/graphics.sty
Package: graphics 2017/04/14 v1.1b Standard LaTeX Graphics (DPC,SPQR)

(/usr/local/texlive/2017/texmf-dist/tex/latex/graphics/trig.sty
Package: trig 2016/01/03 v1.10 sin cos tan (DPC)
)
(/usr/local/texlive/2017/texmf-dist/tex/latex/graphics-cfg/graphics.cfg
File: graphics.cfg 2016/06/04 v1.11 sample graphics configuration
)
Package graphics Info: Driver file: pdftex.def on input line 99.

(/usr/local/texlive/2017/texmf-dist/tex/latex/graphics-def/pdftex.def
File: pdftex.def 2017/01/12 v0.06k Graphics/color for pdfTeX

(/usr/local/texlive/2017/texmf-dist/tex/generic/oberdiek/infwarerr.sty
Package: infwarerr 2016/05/16 v1.4 Providing info/warning/error messages (HO)
)
(/usr/local/texlive/2017/texmf-dist/tex/generic/oberdiek/ltxcmds.sty
Package: ltxcmds 2016/05/16 v1.23 LaTeX kernel commands for general use (HO)
)
\Gread@gobject=\count88
))
\Gin@req@height=\dimen103
\Gin@req@width=\dimen104
)
(/usr/local/texlive/2017/texmf-dist/tex/latex/blindtext/blindtext.sty
Package: blindtext 2012/01/06 V2.0 blindtext-Package

(/usr/local/texlive/2017/texmf-dist/tex/latex/tools/xspace.sty
Package: xspace 2014/10/28 v1.13 Space after command names (DPC,MH)
)
\c@blindtext=\count89
\c@Blindtext=\count90
\c@blind@countparstart=\count91
\blind@countxx=\count92
\blindtext@numBlindtext=\count93
\blind@countyy=\count94
\c@blindlist=\count95
\c@blindlistlevel=\count96
\c@blindlist@level=\count97
\blind@listitem=\count98
\c@blind@listcount=\count99
\c@blind@levelcount=\count100
\blind@mathformula=\count101
\blind@Mathformula=\count102
\c@blind@randomcount=\count103
\c@blind@randommax=\count104
\c@blind@pangramcount=\count105
\c@blind@pangrammax=\count106
)
(/usr/local/texlive/2017/texmf-dist/tex/latex/float/float.sty
Package: float 2001/11/08 v1.3d Float enhancements (AL)
\c@float@type=\count107
\float@exts=\toks15
\float@box=\box26
\@float@everytoks=\toks16
\@floatcapt=\box27
)
(/usr/local/texlive/2017/texmf-dist/tex/latex/graphics/color.sty
Package: color 2016/07/10 v1.1e Standard LaTeX Color (DPC)

(/usr/local/texlive/2017/texmf-dist/tex/latex/graphics-cfg/color.cfg
File: color.cfg 2016/01/02 v1.6 sample color configuration
)
Package color Info: Driver file: pdftex.def on input line 147.
)
(/usr/local/texlive/2017/texmf-dist/tex/latex/hyperref/hyperref.sty
Package: hyperref 2017/03/14 v6.85a Hypertext links for LaTeX

(/usr/local/texlive/2017/texmf-dist/tex/generic/oberdiek/hobsub-hyperref.sty
Package: hobsub-hyperref 2016/05/16 v1.14 Bundle oberdiek, subset hyperref (HO)


(/usr/local/texlive/2017/texmf-dist/tex/generic/oberdiek/hobsub-generic.sty
Package: hobsub-generic 2016/05/16 v1.14 Bundle oberdiek, subset generic (HO)
Package: hobsub 2016/05/16 v1.14 Construct package bundles (HO)
Package hobsub Info: Skipping package `infwarerr' (already loaded).
Package hobsub Info: Skipping package `ltxcmds' (already loaded).
Package: ifluatex 2016/05/16 v1.4 Provides the ifluatex switch (HO)
Package ifluatex Info: LuaTeX not detected.
Package: ifvtex 2016/05/16 v1.6 Detect VTeX and its facilities (HO)
Package ifvtex Info: VTeX not detected.
Package: intcalc 2016/05/16 v1.2 Expandable calculations with integers (HO)
Package: ifpdf 2017/03/15 v3.2 Provides the ifpdf switch
Package: etexcmds 2016/05/16 v1.6 Avoid name clashes with e-TeX commands (HO)
Package etexcmds Info: Could not find \expanded.
(etexcmds)             That can mean that you are not using pdfTeX 1.50 or
(etexcmds)             that some package has redefined \expanded.
(etexcmds)             In the latter case, load this package earlier.
Package: kvsetkeys 2016/05/16 v1.17 Key value parser (HO)
Package: kvdefinekeys 2016/05/16 v1.4 Define keys (HO)
Package: pdftexcmds 2017/03/19 v0.25 Utility functions of pdfTeX for LuaTeX (HO
)
Package pdftexcmds Info: LuaTeX not detected.
Package pdftexcmds Info: \pdf@primitive is available.
Package pdftexcmds Info: \pdf@ifprimitive is available.
Package pdftexcmds Info: \pdfdraftmode found.
Package: pdfescape 2016/05/16 v1.14 Implements pdfTeX's escape features (HO)
Package: bigintcalc 2016/05/16 v1.4 Expandable calculations on big integers (HO
)
Package: bitset 2016/05/16 v1.2 Handle bit-vector datatype (HO)
Package: uniquecounter 2016/05/16 v1.3 Provide unlimited unique counter (HO)
)
Package hobsub Info: Skipping package `hobsub' (already loaded).
Package: letltxmacro 2016/05/16 v1.5 Let assignment for LaTeX macros (HO)
Package: hopatch 2016/05/16 v1.3 Wrapper for package hooks (HO)
Package: xcolor-patch 2016/05/16 xcolor patch
Package: atveryend 2016/05/16 v1.9 Hooks at the very end of document (HO)
Package atveryend Info: \enddocument detected (standard20110627).
Package: atbegshi 2016/06/09 v1.18 At begin shipout hook (HO)
Package: refcount 2016/05/16 v3.5 Data extraction from label references (HO)
Package: hycolor 2016/05/16 v1.8 Color options for hyperref/bookmark (HO)
)
(/usr/local/texlive/2017/texmf-dist/tex/generic/ifxetex/ifxetex.sty
Package: ifxetex 2010/09/12 v0.6 Provides ifxetex conditional
)
(/usr/local/texlive/2017/texmf-dist/tex/latex/oberdiek/auxhook.sty
Package: auxhook 2016/05/16 v1.4 Hooks for auxiliary files (HO)
)
(/usr/local/texlive/2017/texmf-dist/tex/latex/oberdiek/kvoptions.sty
Package: kvoptions 2016/05/16 v3.12 Key value format for package options (HO)
)
\@linkdim=\dimen105
\Hy@linkcounter=\count108
\Hy@pagecounter=\count109

(/usr/local/texlive/2017/texmf-dist/tex/latex/hyperref/pd1enc.def
File: pd1enc.def 2017/03/14 v6.85a Hyperref: PDFDocEncoding definition (HO)
)
\Hy@SavedSpaceFactor=\count110

(/usr/local/texlive/2017/texmf-dist/tex/latex/latexconfig/hyperref.cfg
File: hyperref.cfg 2002/06/06 v1.2 hyperref configuration of TeXLive
)
Package hyperref Info: Hyper figures OFF on input line 4498.
Package hyperref Info: Link nesting OFF on input line 4503.
Package hyperref Info: Hyper index ON on input line 4506.
Package hyperref Info: Plain pages OFF on input line 4513.
Package hyperref Info: Backreferencing OFF on input line 4518.
Package hyperref Info: Implicit mode ON; LaTeX internals redefined.
Package hyperref Info: Bookmarks ON on input line 4751.
\c@Hy@tempcnt=\count111

(/usr/local/texlive/2017/texmf-dist/tex/latex/url/url.sty
\Urlmuskip=\muskip10
Package: url 2013/09/16  ver 3.4  Verb mode for urls, etc.
)
LaTeX Info: Redefining \url on input line 5104.
\XeTeXLinkMargin=\dimen106
\Fld@menulength=\count112
\Field@Width=\dimen107
\Fld@charsize=\dimen108
Package hyperref Info: Hyper figures OFF on input line 6358.
Package hyperref Info: Link nesting OFF on input line 6363.
Package hyperref Info: Hyper index ON on input line 6366.
Package hyperref Info: backreferencing OFF on input line 6373.
Package hyperref Info: Link coloring OFF on input line 6378.
Package hyperref Info: Link coloring with OCG OFF on input line 6383.
Package hyperref Info: PDF/A mode OFF on input line 6388.
LaTeX Info: Redefining \ref on input line 6428.
LaTeX Info: Redefining \pageref on input line 6432.
\Hy@abspage=\count113
\c@Item=\count114
\c@Hfootnote=\count115
)

Package hyperref Message: Driver (autodetected): hpdftex.

(/usr/local/texlive/2017/texmf-dist/tex/latex/hyperref/hpdftex.def
File: hpdftex.def 2017/03/14 v6.85a Hyperref driver for pdfTeX
\Fld@listcount=\count116
\c@bookmark@seq@number=\count117

(/usr/local/texlive/2017/texmf-dist/tex/latex/oberdiek/rerunfilecheck.sty
Package: rerunfilecheck 2016/05/16 v1.8 Rerun checks for auxiliary files (HO)
Package uniquecounter Info: New unique counter `rerunfilecheck' on input line 2
82.
)
\Hy@SectionHShift=\skip43
)
Package hyperref Info: Option `colorlinks' set `true' on input line 16.


LaTeX Warning: Unused global option(s):
    [article].

(./DVH Analytics Manual.aux)
\openout1 = `"DVH Analytics Manual.aux"'.

LaTeX Font Info:    Checking defaults for OML/cmm/m/it on input line 21.
LaTeX Font Info:    ... okay on input line 21.
LaTeX Font Info:    Checking defaults for T1/cmr/m/n on input line 21.
LaTeX Font Info:    ... okay on input line 21.
LaTeX Font Info:    Checking defaults for OT1/cmr/m/n on input line 21.
LaTeX Font Info:    ... okay on input line 21.
LaTeX Font Info:    Checking defaults for OMS/cmsy/m/n on input line 21.
LaTeX Font Info:    ... okay on input line 21.
LaTeX Font Info:    Checking defaults for OMX/cmex/m/n on input line 21.
LaTeX Font Info:    ... okay on input line 21.
LaTeX Font Info:    Checking defaults for U/cmr/m/n on input line 21.
LaTeX Font Info:    ... okay on input line 21.
LaTeX Font Info:    Checking defaults for PD1/pdf/m/n on input line 21.
LaTeX Font Info:    ... okay on input line 21.

(/usr/local/texlive/2017/texmf-dist/tex/context/base/mkii/supp-pdf.mkii
[Loading MPS to PDF converter (version 2006.09.02).]
\scratchcounter=\count118
\scratchdimen=\dimen109
\scratchbox=\box28
\nofMPsegments=\count119
\nofMParguments=\count120
\everyMPshowfont=\toks17
\MPscratchCnt=\count121
\MPscratchDim=\dimen110
\MPnumerator=\count122
\makeMPintoPDFobject=\count123
\everyMPtoPDFconversion=\toks18
) (/usr/local/texlive/2017/texmf-dist/tex/latex/oberdiek/epstopdf-base.sty
Package: epstopdf-base 2016/05/15 v2.6 Base part for package epstopdf

(/usr/local/texlive/2017/texmf-dist/tex/latex/oberdiek/grfext.sty
Package: grfext 2016/05/16 v1.2 Manage graphics extensions (HO)
)
Package epstopdf-base Info: Redefining graphics rule for `.eps' on input line 4
38.
Package grfext Info: Graphics extension search list:
(grfext)             [.png,.pdf,.jpg,.mps,.jpeg,.jbig2,.jb2,.PNG,.PDF,.JPG,.JPE
G,.JBIG2,.JB2,.eps]
(grfext)             \AppendGraphicsExtensions on input line 456.

(/usr/local/texlive/2017/texmf-dist/tex/latex/latexconfig/epstopdf-sys.cfg
File: epstopdf-sys.cfg 2010/07/13 v1.3 Configuration of (r)epstopdf for TeX Liv
e
))
\AtBeginShipoutBox=\box29
Package hyperref Info: Link coloring ON on input line 21.

(/usr/local/texlive/2017/texmf-dist/tex/latex/hyperref/nameref.sty
Package: nameref 2016/05/21 v2.44 Cross-referencing by name of section

(/usr/local/texlive/2017/texmf-dist/tex/generic/oberdiek/gettitlestring.sty
Package: gettitlestring 2016/05/16 v1.5 Cleanup title references (HO)
)
\c@section@level=\count124
)
LaTeX Info: Redefining \ref on input line 21.
LaTeX Info: Redefining \pageref on input line 21.
LaTeX Info: Redefining \nameref on input line 21.

(./DVH Analytics Manual.out) (./DVH Analytics Manual.out)
\@outlinefile=\write3
\openout3 = `"DVH Analytics Manual.out"'.


<./figures/logo.jpg, id=136, 1644.1425pt x 445.665pt>
File: ./figures/logo.jpg Graphic file (type jpg)
 <use ./figures/logo.jpg>
Package pdftex.def Info: ./figures/logo.jpg used on input line 24.
(pdftex.def)             Requested size: 310.4979pt x 84.1604pt.
LaTeX Font Info:    External font `cmex10' loaded for size
(Font)              <12> on input line 30.
LaTeX Font Info:    External font `cmex10' loaded for size
(Font)              <8> on input line 30.
LaTeX Font Info:    External font `cmex10' loaded for size
(Font)              <6> on input line 30.

[1

{/usr/local/texlive/2017/texmf-var/fonts/map/pdftex/updmap/pdftex.map} <./figur
es/logo.jpg>] (./DVH Analytics Manual.toc
LaTeX Font Info:    External font `cmex10' loaded for size
(Font)              <7> on input line 1.
LaTeX Font Info:    External font `cmex10' loaded for size
(Font)              <5> on input line 1.
)
\tf@toc=\write4
\openout4 = `"DVH Analytics Manual.toc"'.

pdfTeX warning (ext4): destination with the same identifier (name{page.1}) has 
been already used, duplicate ignored
<to be read again> 
                   \relax 
l.36 \newpage
              [1

]
Underfull \hbox (badness 10000) in paragraph at lines 46--50

 []

LaTeX Font Info:    Try loading font information for OMS+cmr on input line 51.
(/usr/local/texlive/2017/texmf-dist/tex/latex/base/omscmr.fd
File: omscmr.fd 2014/09/29 v2.5h Standard LaTeX font definitions
)
LaTeX Font Info:    Font shape `OMS/cmr/m/n' in size <10> not available
(Font)              Font shape `OMS/cmsy/m/n' tried instead on input line 51.

Underfull \hbox (badness 10000) in paragraph at lines 55--57

 []

[2]
Underfull \hbox (badness 10000) in paragraph at lines 66--71

 []


Underfull \hbox (badness 10000) in paragraph at lines 72--76

 []


Underfull \hbox (badness 10000) in paragraph at lines 72--76

 []


Underfull \hbox (badness 10000) in paragraph at lines 77--80

 []


Overfull \hbox (18.66457pt too wide) in paragraph at lines 81--83
\OT1/cmr/m/n/10 stalling Shapely from [][]$\OT1/cmtt/m/n/10 https : / / www . l
fd . uci . edu / []gohlke / pythonlibs / #shapely$[][]\OT1/cmr/m/n/10 . 
 []

[3]
Overfull \hbox (16.9971pt too wide) in paragraph at lines 90--91
[][]$\OT1/cmtt/m/n/10 https : / / raw . githubusercontent . com / cutright / DV
H-[]Analytics-[]Docker /
 []


Underfull \hbox (badness 10000) in paragraph at lines 119--122

 []

[4]
Underfull \hbox (badness 10000) in paragraph at lines 123--124

 []


Underfull \hbox (badness 10000) in paragraph at lines 125--127

 []

[5] <./figures/import.png, id=283, 557.08125pt x 263.98625pt>
File: ./figures/import.png Graphic file (type png)

<use ./figures/import.png>
Package pdftex.def Info: ./figures/import.png used on input line 175.
(pdftex.def)             Requested size: 310.4979pt x 147.13844pt.
 [6] [7 <./figures/import.png>]
Underfull \hbox (badness 10000) in paragraph at lines 190--192

 []


Underfull \hbox (badness 10000) in paragraph at lines 190--192

 []


Underfull \hbox (badness 10000) in paragraph at lines 197--198

 []


Overfull \hbox (3.77724pt too wide) in paragraph at lines 214--216
\OT1/cmr/m/n/10 The ROI name map-ping pro-cess re-quires the `Re-fer-ring-Physi
-cian-Name' or `Physi-
 []

[8] <./figures/missing-physician.png, id=308, 1022.82124pt x 420.57124pt>
File: ./figures/missing-physician.png Graphic file (type png)

<use ./figures/missing-physician.png>
Package pdftex.def Info: ./figures/missing-physician.png used on input line 219
.
(pdftex.def)             Requested size: 379.5021pt x 156.0453pt.

Overfull \hbox (34.5021pt too wide) in paragraph at lines 219--221
 [] 
 []

<./figures/edit-physician.png, id=312, 1179.40625pt x 164.615pt>
File: ./figures/edit-physician.png Graphic file (type png)

<use ./figures/edit-physician.png>
Package pdftex.def Info: ./figures/edit-physician.png used on input line 231.
(pdftex.def)             Requested size: 345.0pt x 48.15408pt.
 [9 <./figures/missing-physician.png> <./figures/edit-physician.png>]
<./figures/roi-name-manager.png, id=324, 942.52126pt x 629.35126pt>
File: ./figures/roi-name-manager.png Graphic file (type png)

<use ./figures/roi-name-manager.png>
Package pdftex.def Info: ./figures/roi-name-manager.png used on input line 241.

(pdftex.def)             Requested size: 345.0pt x 230.36911pt.
 [10 <./figures/roi-name-manager.png>]
[11] <./figures/view-dvhs-1.png, id=337, 1105.12875pt x 867.24pt>
File: ./figures/view-dvhs-1.png Graphic file (type png)

<use ./figures/view-dvhs-1.png>
Package pdftex.def Info: ./figures/view-dvhs-1.png used on input line 303.
(pdftex.def)             Requested size: 310.4979pt x 243.65923pt.
 [12 <./figures/view-dvhs-1.png>]
<./figures/view-dvhs-2.png, id=345, 1241.63875pt x 877.2775pt>
File: ./figures/view-dvhs-2.png Graphic file (type png)

<use ./figures/view-dvhs-2.png>
Package pdftex.def Info: ./figures/view-dvhs-2.png used on input line 313.
(pdftex.def)             Requested size: 310.4979pt x 219.37238pt.

<./figures/view-radbio.png, id=349, 1170.3725pt x 851.18pt>
File: ./figures/view-radbio.png Graphic file (type png)

<use ./figures/view-radbio.png>
Package pdftex.def Info: ./figures/view-radbio.png used on input line 324.
(pdftex.def)             Requested size: 345.0pt x 250.91408pt.
 [13 <./figures/view-dvhs-2.png>]
<./figures/view-radbio-2.png, id=358, 1160.335pt x 631.35875pt>
File: ./figures/view-radbio-2.png Graphic file (type png)

<use ./figures/view-radbio-2.png>
Package pdftex.def Info: ./figures/view-radbio-2.png used on input line 332.
(pdftex.def)             Requested size: 345.0pt x 187.72318pt.
 [14 <./figures/view-radbio.png> <./figures/view-radbio-2.png>]
<./figures/view-time-series.png, id=367, 1122.1925pt x 748.7975pt>
File: ./figures/view-time-series.png Graphic file (type png)

<use ./figures/view-time-series.png>
Package pdftex.def Info: ./figures/view-time-series.png used on input line 349.

(pdftex.def)             Requested size: 345.0pt x 230.2053pt.

<./figures/view-time-series-2.png, id=370, 1033.8625pt x 635.37375pt>
File: ./figures/view-time-series-2.png Graphic file (type png)

<use ./figures/view-time-series-2.png>
Package pdftex.def Info: ./figures/view-time-series-2.png used on input line 35
7.
(pdftex.def)             Requested size: 345.0pt x 212.02017pt.
 [15 <./figures/view-time-series.png>]
<./figures/view-correlation.png, id=380, 730.73pt x 874.26625pt>
File: ./figures/view-correlation.png Graphic file (type png)

<use ./figures/view-correlation.png>
Package pdftex.def Info: ./figures/view-correlation.png used on input line 368.

(pdftex.def)             Requested size: 345.0pt x 412.77283pt.
 [16 <./figures/view-time-series-2.png>]
[17 <./figures/view-correlation.png>]
<./figures/view-regression.png, id=393, 812.03375pt x 671.50874pt>
File: ./figures/view-regression.png Graphic file (type png)

<use ./figures/view-regression.png>
Package pdftex.def Info: ./figures/view-regression.png used on input line 379.
(pdftex.def)             Requested size: 345.0pt x 285.2901pt.

<./figures/view-regression-2.png, id=396, 497.86pt x 495.8525pt>
File: ./figures/view-regression-2.png Graphic file (type png)

<use ./figures/view-regression-2.png>
Package pdftex.def Info: ./figures/view-regression-2.png used on input line 387
.
(pdftex.def)             Requested size: 345.0pt x 343.61398pt.
 [18 <./figures/view-regression.png>]
<./figures/view-mlc.png, id=407, 945.5325pt x 799.98875pt>
File: ./figures/view-mlc.png Graphic file (type png)

<use ./figures/view-mlc.png>
Package pdftex.def Info: ./figures/view-mlc.png used on input line 398.
(pdftex.def)             Requested size: 345.0pt x 291.90192pt.
 [19 <./figures/view-regression-2.png>] [20 <./figures/view-mlc.png>]
Underfull \hbox (badness 10000) in paragraph at lines 411--415

 []

[21]
Overfull \hbox (8.75627pt too wide) in paragraph at lines 430--431
\OT1/cmr/m/n/10 would be rec-om-mended to im-port all pho-ton plans, then edit 
all study[]instance[]uid
 []


Underfull \hbox (badness 10000) in paragraph at lines 432--433

 []


Underfull \hbox (badness 10000) in paragraph at lines 434--439

 []

[22] <./figures/roi-map.png, id=439, 943.3644pt x 509.7444pt>
File: ./figures/roi-map.png Graphic file (type png)

<use ./figures/roi-map.png>
Package pdftex.def Info: ./figures/roi-map.png used on input line 448.
(pdftex.def)             Requested size: 310.4979pt x 167.77281pt.
 [23 <./figures/roi-map.png>]
<./figures/view-settings.png, id=446, 987.69pt x 1030.85126pt>
File: ./figures/view-settings.png Graphic file (type png)

<use ./figures/view-settings.png>
Package pdftex.def Info: ./figures/view-settings.png used on input line 472.
(pdftex.def)             Requested size: 310.4979pt x 324.05922pt.
 [24 <./figures/view-settings.png>]
Underfull \hbox (badness 10000) in paragraph at lines 483--484

 []


Underfull \hbox (badness 10000) in paragraph at lines 485--487

 []


Underfull \hbox (badness 10000) in paragraph at lines 490--491

 []


Underfull \hbox (badness 10000) in paragraph at lines 492--499

 []

[25]
Overfull \hbox (11.48724pt too wide) in paragraph at lines 510--512
[]\OT1/cmr/m/n/10 Your SQL DB pass-word is stored as plain text in pref-er-ence
s/sql[]connection.cnf.
 []


Underfull \hbox (badness 10000) in paragraph at lines 515--516

 []


Underfull \hbox (badness 10000) in paragraph at lines 517--519

 []

<./figures/data-flow.png, id=461, 986.68625pt x 548.0475pt>
File: ./figures/data-flow.png Graphic file (type png)

<use ./figures/data-flow.png>
Package pdftex.def Info: ./figures/data-flow.png used on input line 524.
(pdftex.def)             Requested size: 310.4979pt x 172.46025pt.

Overfull \hbox (6.38832pt too wide) in paragraph at lines 532--533
\OT1/cmr/m/n/10 If you wish to al-low DVH An-a-lyt-ics to be ac-ces-si-ble out-
side of the com-puter/server
 []

[26 <./figures/data-flow.png>] [27]
Overfull \hbox (12.22061pt too wide) in paragraph at lines 564--574
\OT1/cmr/m/n/10 RECT, IN-CI-DEN-TAL, SPE-CIAL, EX-EM-PLARY, OR CON-SE-QUEN-TIAL
 DAM-
 []


Overfull \hbox (2.22272pt too wide) in paragraph at lines 575--577
[]\OT1/cmr/m/n/10 -------------------------------------------------------------
-------------------- ------------------
 []


Overfull \hbox (12.22061pt too wide) in paragraph at lines 600--611
\OT1/cmr/m/n/10 RECT, IN-CI-DEN-TAL, SPE-CIAL, EX-EM-PLARY, OR CON-SE-QUEN-TIAL
 DAM-
 []

[28]
Overfull \hbox (158.66435pt too wide) in paragraph at lines 643--645
[]\OT1/cmr/m/n/10 Program: GDCM (Grass-roots DI-COM). A DI-COM li-brary Mod-ule
: http://gdcm.sourceforge.net/Copyright.html 
 []

[29]
Missing character: There is no © in font cmr10!

Overfull \hbox (2.21507pt too wide) in paragraph at lines 697--707
\OT1/cmr/m/n/10 OWNER OR CON-TRIB-U-TORS BE LI-ABLE FOR ANY DI-RECT, IN-DI-RECT
,
 []


Overfull \hbox (2.70674pt too wide) in paragraph at lines 697--707
\OT1/cmr/m/n/10 IN-CI-DEN-TAL, SPE-CIAL, EX-EM-PLARY, OR CON-SE-QUEN-TIAL DAM-A
GES
 []

[30]
Overfull \hbox (27.0763pt too wide) in paragraph at lines 743--748
\OT1/cmr/m/n/10 DERIVA-TIVE THEREOF, EVEN IF AD-VISED OF THE POS-SI-BIL-ITY THE
REOF. 
 []

[31]
Overfull \hbox (2.21507pt too wide) in paragraph at lines 808--819
\OT1/cmr/m/n/10 OWNER OR CON-TRIB-U-TORS BE LI-ABLE FOR ANY DI-RECT, IN-DI-RECT
,
 []


Overfull \hbox (2.70674pt too wide) in paragraph at lines 808--819
\OT1/cmr/m/n/10 IN-CI-DEN-TAL, SPE-CIAL, EX-EM-PLARY, OR CON-SE-QUEN-TIAL DAM-A
GES
 []

[32]
Missing character: There is no © in font cmr10!
Missing character: There is no © in font cmr10!
 [33]
Overfull \hbox (22.9914pt too wide) in paragraph at lines 918--920
\OT1/cmr/m/n/10 along with psy-copg2 (see the doc di-rec-tory.) If not, see htt
p://www.gnu.org/licenses/. 
 []

[34] [35]
Underfull \hbox (badness 10000) in paragraph at lines 950--953

 []


Underfull \hbox (badness 10000) in paragraph at lines 959--962

 []

[36]
Package atveryend Info: Empty hook `BeforeClearDocument' on input line 972.
Package atveryend Info: Empty hook `AfterLastShipout' on input line 972.
 (./DVH Analytics Manual.aux)
Package atveryend Info: Executing hook `AtVeryEndDocument' on input line 972.
Package atveryend Info: Executing hook `AtEndAfterFileList' on input line 972.
Package rerunfilecheck Info: File `"DVH Analytics Manual".out' has not changed.

(rerunfilecheck)             Checksum: CE1F99EE98F44D2FA556A5D0935A2820;2083.
Package atveryend Info: Empty hook `AtVeryVeryEnd' on input line 972.
 ) 
Here is how much of TeX's memory you used:
 5663 strings out of 492995
 85832 string characters out of 6132704
 174503 words of memory out of 5000000
 9036 multiletter control sequences out of 15000+600000
 9184 words of font info for 33 fonts, out of 8000000 for 9000
 1141 hyphenation exceptions out of 8191
 28i,8n,30p,876b,389s stack positions out of 5000i,500n,10000p,200000b,80000s
</usr/local/texlive/2017/texmf-dist/fonts/type1/public/amsfonts/cm/cmbx10.pfb
></usr/local/texlive/2017/texmf-dist/fonts/type1/public/amsfonts/cm/cmbx12.pfb>
</usr/local/texlive/2017/texmf-dist/fonts/type1/public/amsfonts/cm/cmmi10.pfb><
/usr/local/texlive/2017/texmf-dist/fonts/type1/public/amsfonts/cm/cmr10.pfb></u
sr/local/texlive/2017/texmf-dist/fonts/type1/public/amsfonts/cm/cmr12.pfb></usr
/local/texlive/2017/texmf-dist/fonts/type1/public/amsfonts/cm/cmr17.pfb></usr/l
ocal/texlive/2017/texmf-dist/fonts/type1/public/amsfonts/cm/cmr7.pfb></usr/loca
l/texlive/2017/texmf-dist/fonts/type1/public/amsfonts/cm/cmsy10.pfb></usr/local
/texlive/2017/texmf-dist/fonts/type1/public/amsfonts/cm/cmsy7.pfb></usr/local/t
exlive/2017/texmf-dist/fonts/type1/public/amsfonts/cm/cmti10.pfb></usr/local/te
xlive/2017/texmf-dist/fonts/type1/public/amsfonts/cm/cmtt10.pfb></usr/local/tex
live/2017/texmf-dist/fonts/type1/public/amsfonts/cm/cmtt12.pfb>
Output written on "DVH Analytics Manual.pdf" (37 pages, 2924620 bytes).
PDF statistics:
 581 PDF objects out of 1000 (max. 8388607)
 487 compressed objects within 5 object streams
 119 named destinations out of 1000 (max. 500000)
 355 words of extra memory for PDF output out of 10000 (max. 10000000)

